<?xml version="1.0" encoding="UTF-8"?>
<!-- Generated by org.testng.reporters.JUnitReportReporter -->
<testsuite hostname="ONKAR_KAHATE" failures="0" tests="1" name="org.example.Example1" time="20.221" errors="0" timestamp="2024-10-28T11:14:16 IST" skipped="0">
  <testcase classname="org.example.Example1" name="practice" time="20.221"/>
</testsuite> <!-- org.example.Example1 -->
