<?xml version="1.0" encoding="UTF-8"?>
<!-- Generated by org.testng.reporters.JUnitReportReporter -->
<testsuite hostname="ONKAR_KAHATE" failures="0" tests="1" name="org.example.AddProductToCartTest" time="35.663" errors="0" timestamp="2025-02-01T18:51:07 IST" skipped="0">
  <testcase classname="org.example.AddProductToCartTest" name="addProductToCartTest" time="35.663"/>
</testsuite> <!-- org.example.AddProductToCartTest -->
